<?xml version="1.0" encoding="UTF-8"?>
<coverage generated="1603752990694" clover="3.2.0">
  <project timestamp="1603752990695" name="All files">
    <metrics statements="2" coveredstatements="2" conditionals="0" coveredconditionals="0" methods="1" coveredmethods="1" elements="3" coveredelements="3" complexity="0" loc="2" ncloc="2" packages="1" files="1" classes="1"/>
    <file name="teste.js" path="/Users/retsuko/Documents/ciclo-formativo/projeto-ci-ciclo-formativo/teste.js">
      <metrics statements="2" coveredstatements="2" conditionals="0" coveredconditionals="0" methods="1" coveredmethods="1"/>
      <line num="2" count="1" type="stmt"/>
      <line num="5" count="1" type="stmt"/>
    </file>
  </project>
</coverage>
