{"/Users/retsuko/Documents/projetos/conteudos-diversos/projeto-ci-ciclo-formativo/src/calculadora.js": {"path":"/Users/retsuko/Documents/projetos/conteudos-diversos/projeto-ci-ciclo-formativo/src/calculadora.js","statementMap":{"0":{"start":{"line":2,"column":2},"end":{"line":2,"column":27}},"1":{"start":{"line":6,"column":0},"end":{"line":6,"column":25}},"2":{"start":{"line":9,"column":0},"end":{"line":9,"column":33}}},"fnMap":{"0":{"name":"soma","decl":{"start":{"line":1,"column":9},"end":{"line":1,"column":13}},"loc":{"start":{"line":1,"column":32},"end":{"line":3,"column":1}},"line":1},"1":{"name":"subtrai","decl":{"start":{"line":5,"column":9},"end":{"line":5,"column":16}},"loc":{"start":{"line":5,"column":35},"end":{"line":7,"column":1}},"line":5}},"branchMap":{},"s":{"0":1,"1":1,"2":1},"f":{"0":1,"1":1},"b":{},"_coverageSchema":"1a1c01bbd47fc00a2c39e90264f33305004495a9","hash":"1816b27b284615b9d6365c77fbf92cfb2bb30970"}
}
