{"/Users/retsuko/Documents/ciclo-formativo/projeto-ci-ciclo-formativo/teste.js": {"path":"/Users/retsuko/Documents/ciclo-formativo/projeto-ci-ciclo-formativo/teste.js","statementMap":{"0":{"start":{"line":2,"column":2},"end":{"line":2,"column":15}},"1":{"start":{"line":5,"column":0},"end":{"line":5,"column":26}}},"fnMap":{"0":{"name":"saudacao","decl":{"start":{"line":1,"column":9},"end":{"line":1,"column":17}},"loc":{"start":{"line":1,"column":24},"end":{"line":3,"column":1}},"line":1}},"branchMap":{},"s":{"0":1,"1":1},"f":{"0":1},"b":{},"_coverageSchema":"1a1c01bbd47fc00a2c39e90264f33305004495a9","hash":"50eb9e4cc3793fe26617034b8438c24641970a5e"}
}
